althafnash : time 
althafnash : /calculator add 1 2 
althafnash : /calculator add 1 2 
althafnash : /calculator add 45 445 
althafnash : /calculator add 45 445 
althafnash : /calculator add 45 45 
althafnash : /calculator add 45 445 
althafnash : /help 
althafnash : /help 
althafnash : /stock price tradeview 
althafnash : /stock price tradeview 
althafnash : /stock price tradeview usd jpk 
althafnash : /stock price tradeview usd jpk 
althafnash : /stock price tradeview usd jpk 
althafnash : /stock price tradeview usd jpk 
althafnash : /stock price tradeview usd jpk 
althafnash : /stock price tradeview usd jpk 
althafnash : /stock price tradeview usd jpk 
althafnash: /stock price tradeview usd jpk 
althafnash: /stock price tradeview usd jpy 
althafnash: /stockprice tradeview usd jpy 
althafnash: /stock price tradeview usd jpy 
althafnash: /stock price tradeview usd jpy 
althafnash: /stock price tradeview usd jpy 
althafnash: /stock price tradeview usd jpy
althafnash: /stock tradeview usd jpy
althafnash: /stock tradeview usd jpy
althafnash: /stock tradeview usd jpy
althafnash: /stock tradeview usd jpy
althafnash: /stock tradeview usd jpy
althafnash: hi
althafnash: hey
althafnash: python
althafnash: python
althafnash: hi
althafnash: python
althafnash: hi
althafnash: hi
althafnash: hi
althafnash: hi
[2025-05-15 18:34:24] althafnash: hi
[2025-05-15 18:34:38] althafnash: /hi
[2025-05-15 18:34:42] althafnash: //hi
[2025-05-15 18:34:58] althafnash: /stock tradeview usd eur
[2025-05-16 08:29:58] althafnash: hi
[2025-05-16 08:50:31] althafnash: stock appl
[2025-05-16 08:50:46] althafnash: stock appl
[2025-05-16 08:50:52] althafnash: /stock tradeview usd eur
[2025-05-16 09:06:43] althafnash: //play
[2025-05-16 09:07:03] althafnash: play wutiuwant
[2025-05-16 09:08:45] althafnash: //play
[2025-05-16 09:11:11] althafnash: //play https://www.youtube.com/watch?v=dqw4w9wgxcq
[2025-05-16 09:13:53] althafnash: //play https://www.youtube.com/watch?v=dqw4w9wgxcq
[2025-05-16 09:14:35] althafnash: //play
[2025-05-16 09:15:53] althafnash: //playhttps://youtu.be/czuxt52zl70
[2025-05-16 09:20:32] althafnash: playhttps://youtu.be/czuxt52zl70\
[2025-05-16 09:20:45] althafnash: /play https://youtu.be/czuxt52zl70
[2025-05-16 09:20:49] althafnash: play https://youtu.be/czuxt52zl70
[2025-05-16 09:26:31] althafnash: play https://youtu.be/czuxt52zl70
[2025-05-16 09:28:06] althafnash: play
[2025-05-16 09:28:15] althafnash: play https://youtu.be/czuxt52zl70
[2025-05-16 09:29:53] althafnash: play
[2025-05-16 09:30:45] althafnash: cls
[2025-05-16 09:31:09] althafnash: //play https://youtu.be/czuxt52zl70
[2025-05-16 09:31:58] althafnash: //play  //play https://www.youtube.com/watch?v=dqw4w9wgxcq
[2025-05-16 09:32:04] althafnash: //play
[2025-05-16 09:33:36] althafnash: //play
[2025-05-16 09:38:15] althafnash: //play
[2025-05-16 09:41:27] althafnash: hi
[2025-05-16 09:42:24] althafnash: /stock tradeview usd gem
[2025-05-16 09:45:55] althafnash: //play
[2025-05-16 09:46:07] althafnash: //play https://youtu.be/6snkfem23ng
[2025-05-16 09:50:06] althafnash: //play  https://youtu.be/6snkfem23ng
[2025-05-16 09:51:05] althafnash: //play  https://youtu.be/6snkfem23ng
[2025-05-16 09:52:06] althafnash: //play
[2025-05-16 09:52:28] althafnash: //play //play  https://youtu.be/6snkfem23ng
[2025-05-16 09:52:30] althafnash: //play  https://youtu.be/6snkfem23ng
[2025-05-16 10:32:12] althafnash: //play  https://youtu.be/6snkfem23ng
[2025-05-16 10:33:44] althafnash: cls
[2025-05-16 10:34:01] althafnash: //play  https://youtu.be/6snkfem23ng
[2025-05-16 10:38:53] althafnash: m!stop
[2025-05-16 10:46:13] althafnash: clear
[2025-05-16 10:49:13] althafnash: /stock ]
[2025-05-16 10:49:26] althafnash: /stock tradeview usd dhr
[2025-05-16 10:49:58] althafnash: /stock  usd dhr
[2025-05-16 10:50:18] althafnash: /stock tradeview usd inr
[2025-05-16 10:50:59] althafnash: /stock tradeview usd inr
[2025-05-16 10:55:13] althafnash: /stock tradeview usd inr
[2025-05-16 11:07:27] althafnash: what is python
[2025-05-16 11:08:04] althafnash: what is python
[2025-05-16 11:08:44] althafnash: what is python
[2025-05-16 11:09:02] althafnash: python
[2025-05-16 11:09:58] althafnash: //python
[2025-05-17 13:14:47] althafnash: hi
[2025-05-17 13:15:38] althafnash: python
[2025-05-17 13:29:19] althafnash: what is python
[2025-05-17 13:32:56] althafnash: what is python
[2025-05-17 13:34:28] althafnash: what is python
[2025-05-17 13:36:17] althafnash: what is python
[2025-05-17 13:43:53] althafnash: /stock tradeview usd eur
[2025-05-17 13:45:39] althafnash: /stock tradeview usd eur
[2025-05-17 14:04:07] althafnash: tell me about mechanics
[2025-05-17 14:04:29] althafnash: tell me what is a blockchain
[2025-05-17 14:08:56] althafnash: yo what is a blockchain
[2025-05-17 14:09:11] althafnash: what is chemistry
[2025-05-17 14:24:32] althafnash: calculate 1 + 2
[2025-05-17 14:26:02] althafnash: /add 1 + 2
[2025-05-17 14:27:57] althafnash: /add 3 44
[2025-05-17 14:28:21] althafnash: /add 3 4
[2025-05-17 14:31:25] althafnash: /add 3 4
[2025-05-17 14:34:08] althafnash: /add 2 2
[2025-05-17 14:34:27] althafnash: /add 5 3
[2025-05-17 14:36:28] althafnash: /add 4 5
[2025-05-17 14:36:40] althafnash: /add 5 3
[2025-05-17 14:37:34] althafnash: /add 3 4
[2025-05-17 14:37:42] althafnash: clear
[2025-05-17 14:41:37] althafnash: /substract 3 55
[2025-05-17 14:42:39] althafnash: /sub 3 45
[2025-05-17 14:43:10] althafnash: /add 34 55
[2025-05-17 14:45:25] althafnash: /mutiply 2 34
[2025-05-17 14:46:15] althafnash: /mu 2 33
[2025-05-17 14:46:24] althafnash: /div 44 2
